/BATCH  
/COM,ANSYS RELEASE Release 18.0      BUILD 18.0      UP20161219       17:53:12
/input,menust,tmp,''
/COM,ANSYS RELEASE Release 18.0      BUILD 18.0      UP20161219       17:53:12
/GRA,POWER
/GST,ON
/PLO,INFO,3
/GRO,CURL,ON
/CPLANE,1   
/REPLOT,RESIZE  
WPSTYLE,,,,,,,,0
/REPLOT,RESIZE  
/SOLU   
!*  
ANTYPE,0
OUTRES,ERASE
OUTRES,ALL,1
FINISH  
/POST1  
FINISH  
/SOL
!*  
OUTPR,ALL,1,
FLST,2,1,1,ORDE,1   
FITEM,2,1   
!*  
/GO 
D,P51X, ,0, , , ,UX,UY,UZ,ROTX,ROTY,
FLST,2,1,1,ORDE,1   
FITEM,2,2   
!*  
/GO 
D,P51X, ,0, , , ,UY,UZ,ROTX,ROTY, , 
FLST,2,1,1,ORDE,1   
FITEM,2,2   
!*  
/GO 
F,P51X,FX,4999.23848
FLST,2,1,1,ORDE,1   
FITEM,2,51  
!*  
/GO 
F,P51X,FY,87.2620322
/STATUS,SOLU
SOLVE   
FINISH  
/POST1  
SET,LAST
PLDISP,1
FINISH  
/POST26 
FILE,'file','rst','.'   
/UI,COLL,1  
NUMVAR,200  
SOLU,191,NCMIT  
STORE,MERGE 
FILLDATA,191,,,,1,1 
REALVAR,191,191 
!*  
NSOL,2,2,U,X, UX_2, 
STORE,MERGE 
!*  
NSOL,3,51,U,Y, UY_3,
STORE,MERGE 
!*  
NSOL,4,1,U,X, UX_4, 
STORE,MERGE 
!*  
NSOL,5,51,U,X, UX_5,
STORE,MERGE 
FINISH  
/SOL
!*  
ANTYPE,0
OUTRES,ERASE
OUTRES,ALL,1
FLST,2,1,1,ORDE,1   
FITEM,2,1   
!*  
/GO 
D,P51X, ,0, , , ,UX,UY,UZ,ROTX,ROTY,
FLST,2,1,1,ORDE,1   
FITEM,2,2   
!*  
/GO 
D,P51X, ,0, , , ,UY,UZ,ROTX,ROTY, , 
FLST,2,1,1,ORDE,1   
FITEM,2,2   
!*  
/GO 
F,P51X,FX,5000  
/STATUS,SOLU
SOLVE   
FINISH  
/POST1  
SET,LAST
PLDISP,1
FINISH  
/POST26 
FILE,'file','rst','.'   
/UI,COLL,1  
NUMVAR,200  
SOLU,191,NCMIT  
STORE,MERGE 
FILLDATA,191,,,,1,1 
REALVAR,191,191 
!*  
NSOL,2,2,U,X, UX_5, 
STORE,MERGE 
!*  
NSOL,3,51,U,Y, UY_3,
STORE,MERGE 
FINISH  
/SOL
!*  
ANTYPE,0
OUTRES,ERASE
OUTRES,ALL,1
FLST,2,1,1,ORDE,1   
FITEM,2,1   
!*  
/GO 
D,P51X, ,0, , , ,UX,UY,UZ,ROTX,ROTY,
FLST,2,1,1,ORDE,1   
FITEM,2,2   
!*  
/GO 
D,P51X, ,0, , , ,UY,UZ,ROTX,ROTY, , 
FLST,2,1,1,ORDE,1   
FITEM,2,2   
!*  
/GO 
F,P51X,FX,50000 
/STATUS,SOLU
SOLVE   
FINISH  
/POST1  
SET,LAST
PLDISP,1
FINISH  
/SOL
FINISH  
/POST26 
FILE,'file','rst','.'   
/UI,COLL,1  
NUMVAR,200  
SOLU,191,NCMIT  
STORE,MERGE 
FILLDATA,191,,,,1,1 
REALVAR,191,191 
!*  
NSOL,2,2,U,X, UX_2, 
STORE,MERGE 
!*  
NSOL,3,51,U,Y, UY_3,
STORE,MERGE 
FINISH  
/SOL
!*  
ANTYPE,0
OUTRES,ERASE
OUTRES,ALL,1
FLST,2,1,1,ORDE,1   
FITEM,2,1   
!*  
/GO 
D,P51X, ,0, , , ,UX,UY,UZ,ROTX,ROTY,
FLST,2,1,1,ORDE,1   
FITEM,2,2   
!*  
/GO 
D,P51X, ,0, , , ,UY,UZ,ROTX,ROTY, , 
FLST,2,1,1,ORDE,1   
FITEM,2,2   
!*  
/GO 
F,P51X,FX,10000 
/STATUS,SOLU
SOLVE   
FINISH  
/POST1  
SET,LAST
PLDISP,1
FINISH  
/POST26 
FILE,'file','rst','.'   
/UI,COLL,1  
NUMVAR,200  
SOLU,191,NCMIT  
STORE,MERGE 
FILLDATA,191,,,,1,1 
REALVAR,191,191 
!*  
NSOL,2,2,U,X, UX_2, 
STORE,MERGE 
FINISH  
/SOL
!*  
ANTYPE,0
OUTRES,ERASE
OUTRES,ALL,1
FLST,2,1,1,ORDE,1   
FITEM,2,1   
!*  
/GO 
D,P51X, ,0, , , ,UX,UY,UZ,ROTX,ROTY,
FLST,2,1,1,ORDE,1   
FITEM,2,2   
!*  
/GO 
D,P51X, ,0, , , ,UY,UZ,ROTX,ROTY, , 
FLST,2,1,1,ORDE,1   
FITEM,2,2   
!*  
/GO 
F,P51X,FX,5000  
FLST,2,1,1,ORDE,1   
FITEM,2,51  
!*  
/GO 
F,P51X,FY,0 
/STATUS,SOLU
SOLVE   
FINISH  
/POST1  
SET,LAST
PLDISP,1
FINISH  
/POST26 
FILE,'file','rst','.'   
/UI,COLL,1  
NUMVAR,200  
SOLU,191,NCMIT  
STORE,MERGE 
FILLDATA,191,,,,1,1 
REALVAR,191,191 
!*  
NSOL,2,2,U,X, UX_2, 
STORE,MERGE 
!*  
NSOL,3,51,U,Y, UY_3,
STORE,MERGE 
FINISH  
/SOL
!*  
ANTYPE,0
FLST,2,1,1,ORDE,1   
FITEM,2,1   
!*  
/GO 
D,P51X, ,0, , , ,UX,UY,UZ,ROTX,ROTY,
FLST,2,1,1,ORDE,1   
FITEM,2,2   
!*  
/GO 
D,P51X, ,0, , , ,UY,UZ,ROTX,ROTY, , 
FLST,2,1,1,ORDE,1   
FITEM,2,2   
!*  
/GO 
F,P51X,FX,50000 
FLST,2,1,1,ORDE,1   
FITEM,2,51  
!*  
/GO 
F,P51X,FY,0 
/STATUS,SOLU
SOLVE   
FINISH  
/POST1  
SET,LAST
PLDISP,1
FINISH  
/SOL
!*  
ANTYPE,0
OUTRES,ERASE
OUTRES,ALL,1
FLST,2,1,1,ORDE,1   
FITEM,2,1   
!*  
/GO 
D,P51X, ,0, , , ,UX,UY,UZ,ROTX,ROTY,
FLST,2,1,1,ORDE,1   
FITEM,2,2   
!*  
/GO 
D,P51X, ,0, , , ,UY,UZ,ROTX,ROTY, , 
FLST,2,1,1,ORDE,1   
FITEM,2,2   
!*  
/GO 
F,P51X,FX,500000
FLST,2,1,1,ORDE,1   
FITEM,2,51  
!*  
/GO 
F,P51X,FY,0 
/STATUS,SOLU
SOLVE   
FINISH  
/POST1  
SET,LAST
PLDISP,1
FINISH  
/POST26 
FILE,'file','rst','.'   
/UI,COLL,1  
NUMVAR,200  
SOLU,191,NCMIT  
STORE,MERGE 
FILLDATA,191,,,,1,1 
REALVAR,191,191 
!*  
NSOL,2,2,U,X, UX_2, 
STORE,MERGE 
!*  
RFORCE,3,1,F,X, FX_3
STORE,MERGE 
!*  
RFORCE,4,1,F,Y, FY_4
STORE,MERGE 
! Save time history variables to file Deflection0.csv   
*CREATE,scratch,gui 
*DEL,_P26_EXPORT
*DIM,_P26_EXPORT,TABLE,505,1
VGET,_P26_EXPORT(1,0),1 
VGET,_P26_EXPORT(1,1),2 
/OUTPUT,'Deflection0','csv','.' 
*VWRITE,'TIME','UX_2'   
%C, %C  
*VWRITE,_P26_EXPORT(1,0),_P26_EXPORT(1,1)   
%G, %G  
/OUTPUT,TERM
*END
/INPUT,scratch,gui  
! End of time history save  
! Save time history variables to file Reaction0.csv 
*CREATE,scratch,gui 
*DEL,_P26_EXPORT
*DIM,_P26_EXPORT,TABLE,505,1
VGET,_P26_EXPORT(1,0),1 
VGET,_P26_EXPORT(1,1),3 
/OUTPUT,'Reaction0','csv','.'   
*VWRITE,'TIME','FX_3'   
%C, %C  
*VWRITE,_P26_EXPORT(1,0),_P26_EXPORT(1,1)   
%G, %G  
/OUTPUT,TERM
*END
/INPUT,scratch,gui  
! End of time history save  
FINISH  
/SOL
!*  
ANTYPE,0
OUTRES,ERASE
OUTRES,ALL,1
FLST,2,1,1,ORDE,1   
FITEM,2,1   
!*  
/GO 
D,P51X, ,0, , , ,UX,UY,UZ,ROTX,ROTY,
FLST,2,1,1,ORDE,1   
FITEM,2,2   
!*  
/GO 
D,P51X, ,0, , , ,UY,UZ,ROTX,ROTY, , 
FLST,2,1,1,ORDE,1   
FITEM,2,2   
!*  
/GO 
F,P51X,FX,9948.47695
FLST,2,1,1,ORDE,1   
FITEM,2,51  
!*  
/GO 
F,P51X,FY,174.524064
/STATUS,SOLU
SOLVE   
FINISH  
/POST1  
SET,LAST
PLDISP,1
FINISH  
/PREP7  
FINISH  
/SOL
!*  
ANTYPE,0
FLST,2,1,1,ORDE,1   
FITEM,2,1   
!*  
/GO 
D,P51X, ,0, , , ,UX,UY,UZ,ROTX,ROTY,
FLST,2,1,1,ORDE,1   
FITEM,2,2   
!*  
/GO 
D,P51X, ,0, , , ,UY,UZ,ROTX,ROTY, , 
FLST,2,1,1,ORDE,1   
FITEM,2,2   
!*  
/GO 
F,P51X,FX,4999238.48
FLST,2,1,1,ORDE,1   
FITEM,2,51  
!*  
/GO 
F,P51X,FY,8726.20322
FLST,2,1,1,ORDE,1   
FITEM,2,2   
FLST,2,1,1,ORDE,1   
FITEM,2,2   
FDELE,P51X,FX   
FLST,2,1,1,ORDE,1   
FITEM,2,2   
!*  
/GO 
F,P51X,FX,499923.848
/STATUS,SOLU
SOLVE   
FINISH  
/POST1  
SET,LIST
SET,LAST
PLDISP,1
FINISH  
/POST26 
FILE,'file','rst','.'   
/UI,COLL,1  
NUMVAR,200  
SOLU,191,NCMIT  
STORE,MERGE 
FILLDATA,191,,,,1,1 
REALVAR,191,191 
!*  
NSOL,2,2,U,X, UX_2, 
STORE,MERGE 
!*  
NSOL,3,51,U,Y, UY_3,
STORE,MERGE 
FINISH  
/SOL
!*  
ANTYPE,0
!*  
ANTYPE,0
OUTRES,ERASE
OUTRES,ALL,1
!*  
OUTPR,ALL,1,
FLST,2,1,1,ORDE,1   
FITEM,2,1   
!*  
/GO 
D,P51X, ,0, , , ,UX,UY,UZ,ROTX,ROTY,
FLST,2,1,1,ORDE,1   
FITEM,2,2   
!*  
/GO 
D,P51X, ,0, , , ,UY,UZ,ROTX,ROTY, , 
FLST,2,1,1,ORDE,1   
FITEM,2,2   
!*  
/GO 
F,P51X,FX,499314.767
FLST,2,1,1,ORDE,1   
FITEM,2,51  
!*  
/GO 
F,P51X,FY,26167.9781
/STATUS,SOLU
SOLVE   
FINISH  
/POST1  
SET,LAST
PLDISP,1
FINISH  
/POST26 
FILE,'file','rst','.'   
/UI,COLL,1  
NUMVAR,200  
SOLU,191,NCMIT  
STORE,MERGE 
FILLDATA,191,,,,1,1 
REALVAR,191,191 
!*  
NSOL,2,2,U,X, UX_2, 
STORE,MERGE 
!*  
NSOL,3,51,U,Y, UY_3,
STORE,MERGE 
!*  
NSOL,4,52,U,Y, UY_4,
STORE,MERGE 
!*  
RFORCE,5,1,F,X, FX_5
STORE,MERGE 
!*  
RFORCE,6,1,F,Y, FY_6
STORE,MERGE 
!*  
RFORCE,7,2,F,Y, FY_7
STORE,MERGE 
! Save time history variables to file Displacement_theta=3.csv  
*CREATE,scratch,gui 
*DEL,_P26_EXPORT
*DIM,_P26_EXPORT,TABLE,505,1
VGET,_P26_EXPORT(1,0),1 
VGET,_P26_EXPORT(1,1),2 
/OUTPUT,'Displacement_theta=3','csv','.'
*VWRITE,'TIME','UX_2'   
%C, %C  
*VWRITE,_P26_EXPORT(1,0),_P26_EXPORT(1,1)   
%G, %G  
/OUTPUT,TERM
*END
/INPUT,scratch,gui  
! End of time history save  
! Save time history variables to file Deflection_theta=3.csv
*CREATE,scratch,gui 
*DEL,_P26_EXPORT
*DIM,_P26_EXPORT,TABLE,505,1
VGET,_P26_EXPORT(1,0),1 
VGET,_P26_EXPORT(1,1),3 
/OUTPUT,'Deflection_theta=3','csv','.'  
*VWRITE,'TIME','UY_3'   
%C, %C  
*VWRITE,_P26_EXPORT(1,0),_P26_EXPORT(1,1)   
%G, %G  
/OUTPUT,TERM
*END
/INPUT,scratch,gui  
! End of time history save  
! Save time history variables to file Reaction_theta=3.csv  
*CREATE,scratch,gui 
*DEL,_P26_EXPORT
*DIM,_P26_EXPORT,TABLE,505,1
VGET,_P26_EXPORT(1,0),1 
VGET,_P26_EXPORT(1,1),5 
/OUTPUT,'Reaction_theta=3','csv','.'
*VWRITE,'TIME','FX_5'   
%C, %C  
*VWRITE,_P26_EXPORT(1,0),_P26_EXPORT(1,1)   
%G, %G  
/OUTPUT,TERM
*END
/INPUT,scratch,gui  
! End of time history save  
! Save time history variables to file Load1_theta=3.csv 
*CREATE,scratch,gui 
*DEL,_P26_EXPORT
*DIM,_P26_EXPORT,TABLE,505,1
VGET,_P26_EXPORT(1,0),1 
VGET,_P26_EXPORT(1,1),6 
/OUTPUT,'Load1_theta=3','csv','.'   
*VWRITE,'TIME','FY_6'   
%C, %C  
*VWRITE,_P26_EXPORT(1,0),_P26_EXPORT(1,1)   
%G, %G  
/OUTPUT,TERM
*END
/INPUT,scratch,gui  
! End of time history save  
! Save time history variables to file Load2_theta=3.csv 
*CREATE,scratch,gui 
*DEL,_P26_EXPORT
*DIM,_P26_EXPORT,TABLE,505,1
VGET,_P26_EXPORT(1,0),1 
VGET,_P26_EXPORT(1,1),7 
/OUTPUT,'Load2_theta=3','csv','.'   
*VWRITE,'TIME','FY_7'   
%C, %C  
*VWRITE,_P26_EXPORT(1,0),_P26_EXPORT(1,1)   
%G, %G  
/OUTPUT,TERM
*END
/INPUT,scratch,gui  
! End of time history save  
FINISH  
/SOL
!*  
ANTYPE,0
OUTRES,ERASE
OUTRES,ALL,1
FLST,2,1,1,ORDE,1   
FITEM,2,1   
!*  
/GO 
D,P51X, ,0, , , ,UX,UY,UZ,ROTX,ROTY,
FLST,2,1,1,ORDE,1   
FITEM,2,2   
!*  
/GO 
D,P51X, ,0, , , ,UY,UZ,ROTX,ROTY, , 
FLST,2,1,1,ORDE,1   
FITEM,2,2   
!*  
/GO 
F,P51X,FX,499695.414
FLST,2,1,1,ORDE,1   
FITEM,2,51  
!*  
/GO 
F,P51X,FX,17449.7484
FLST,2,1,1,ORDE,1   
FITEM,2,51  
!*  
/GO 
F,P51X,FY,17449.7484
FLST,2,1,1,ORDE,1   
FITEM,2,51  
FDELE,P51X,FX   
/STATUS,SOLU
SOLVE   
FINISH  
/POST1  
SET,LAST
PLDISP,1
FINISH  
/POST26 
FILE,'file','rst','.'   
/UI,COLL,1  
NUMVAR,200  
SOLU,191,NCMIT  
STORE,MERGE 
FILLDATA,191,,,,1,1 
REALVAR,191,191 
!*  
NSOL,2,2,U,X, UX_2, 
STORE,MERGE 
!*  
NSOL,3,51,U,Y, UY_3,
STORE,MERGE 
FINISH  
/SOL
!*  
ANTYPE,0
FINISH  
/POST1  
FINISH  
/SOL
OUTRES,ERASE
OUTRES,ALL,1
FLST,2,1,1,ORDE,1   
FITEM,2,1   
!*  
/GO 
D,P51X, ,0, , , ,UX,UY,UZ,ROTX,ROTY,
FLST,2,1,1,ORDE,1   
FITEM,2,2   
!*  
/GO 
D,P51X, ,0, , , ,UY,UZ,ROTX,ROTY, , 
FLST,2,1,1,ORDE,1   
FITEM,2,2   
!*  
/GO 
F,P51X,FX,699573.579
FLST,2,1,1,ORDE,1   
FITEM,2,51  
!*  
/GO 
F,P51X,FY,24429.6477
/STATUS,SOLU
SOLVE   
FINISH  
/POST1  
SET,LAST
PLDISP,1
FINISH  
/POST26 
FILE,'file','rst','.'   
/UI,COLL,1  
NUMVAR,200  
SOLU,191,NCMIT  
STORE,MERGE 
FILLDATA,191,,,,1,1 
REALVAR,191,191 
!*  
NSOL,2,2,U,X, UX_2, 
STORE,MERGE 
!*  
NSOL,3,51,U,Y, UY_3,
STORE,MERGE 
FINISH  
/SOL
!*  
ANTYPE,0
OUTRES,ERASE
OUTRES,ALL,1
FLST,2,1,1,ORDE,1   
FITEM,2,1   
!*  
/GO 
D,P51X, ,0, , , ,UX,UY,UZ,ROTX,ROTY,
FLST,2,1,1,ORDE,1   
FITEM,2,2   
!*  
/GO 
D,P51X, ,0, , , ,UY,UZ,ROTX,ROTY, , 
FLST,2,1,1,ORDE,1   
FITEM,2,2   
!*  
/GO 
F,P51X,FX,1998781.65
FLST,2,1,1,ORDE,1   
FITEM,2,51  
!*  
/GO 
F,P51X,FY,69798.9934
/STATUS,SOLU
SOLVE   
FINISH  
/POST1  
SET,LAST
PLDISP,1
FINISH  
/POST26 
FILE,'file','rst','.'   
/UI,COLL,1  
NUMVAR,200  
SOLU,191,NCMIT  
STORE,MERGE 
FILLDATA,191,,,,1,1 
REALVAR,191,191 
!*  
NSOL,2,52,U,Y, UY_3,
STORE,MERGE 
!*  
NSOL,3,51,U,Y, UY_4,
STORE,MERGE 
FINISH  
/SOL
!*  
ANTYPE,0
OUTRES,ERASE
OUTRES,ALL,1
FLST,2,1,1,ORDE,1   
FITEM,2,1   
!*  
/GO 
D,P51X, ,0, , , ,UX,UY,UZ,ROTX,ROTY,
FLST,2,1,1,ORDE,1   
FITEM,2,2   
!*  
/GO 
D,P51X, ,0, , , ,UY,UZ,ROTX,ROTY, , 
FLST,2,1,1,ORDE,1   
FITEM,2,2   
!*  
/GO 
F,P51X,FX,9993908.27
FLST,2,1,1,ORDE,1   
FITEM,2,51  
!*  
/GO 
F,P51X,FY,348994.967
/STATUS,SOLU
SOLVE   
FINISH  
/POST1  
SET,LAST
PLDISP,1
FINISH  
/POST26 
FILE,'file','rst','.'   
/UI,COLL,1  
NUMVAR,200  
SOLU,191,NCMIT  
STORE,MERGE 
FILLDATA,191,,,,1,1 
REALVAR,191,191 
!*  
NSOL,2,2,U,X, UX_2, 
STORE,MERGE 
!*  
NSOL,3,51,U,Y, UY_3,
STORE,MERGE 
!*  
RFORCE,4,1,F,X, FX_4
STORE,MERGE 
!*  
RFORCE,5,1,F,Y, FY_5
STORE,MERGE 
!*  
RFORCE,6,2,F,Y, FY_6
STORE,MERGE 
! Save time history variables to file Displacement_theta=2.csv  
*CREATE,scratch,gui 
*DEL,_P26_EXPORT
*DIM,_P26_EXPORT,TABLE,505,1
VGET,_P26_EXPORT(1,0),1 
VGET,_P26_EXPORT(1,1),2 
/OUTPUT,'Displacement_theta=2','csv','.'
*VWRITE,'TIME','UX_2'   
%C, %C  
*VWRITE,_P26_EXPORT(1,0),_P26_EXPORT(1,1)   
%G, %G  
/OUTPUT,TERM
*END
/INPUT,scratch,gui  
! End of time history save  
! Save time history variables to file Deflection_theta=2.csv
*CREATE,scratch,gui 
*DEL,_P26_EXPORT
*DIM,_P26_EXPORT,TABLE,505,1
VGET,_P26_EXPORT(1,0),1 
VGET,_P26_EXPORT(1,1),3 
/OUTPUT,'Deflection_theta=2','csv','.'  
*VWRITE,'TIME','UY_3'   
%C, %C  
*VWRITE,_P26_EXPORT(1,0),_P26_EXPORT(1,1)   
%G, %G  
/OUTPUT,TERM
*END
/INPUT,scratch,gui  
! End of time history save  
! Save time history variables to file Reaction_theta=2.csv  
*CREATE,scratch,gui 
*DEL,_P26_EXPORT
*DIM,_P26_EXPORT,TABLE,505,1
VGET,_P26_EXPORT(1,0),1 
VGET,_P26_EXPORT(1,1),4 
/OUTPUT,'Reaction_theta=2','csv','.'
*VWRITE,'TIME','FX_4'   
%C, %C  
*VWRITE,_P26_EXPORT(1,0),_P26_EXPORT(1,1)   
%G, %G  
/OUTPUT,TERM
*END
/INPUT,scratch,gui  
! End of time history save  
! Save time history variables to file Load1_theta=2.csv 
*CREATE,scratch,gui 
*DEL,_P26_EXPORT
*DIM,_P26_EXPORT,TABLE,505,1
VGET,_P26_EXPORT(1,0),1 
VGET,_P26_EXPORT(1,1),5 
/OUTPUT,'Load1_theta=2','csv','.'   
*VWRITE,'TIME','FY_5'   
%C, %C  
*VWRITE,_P26_EXPORT(1,0),_P26_EXPORT(1,1)   
%G, %G  
/OUTPUT,TERM
*END
/INPUT,scratch,gui  
! End of time history save  
! Save time history variables to file Load2_theta=2.csv 
*CREATE,scratch,gui 
*DEL,_P26_EXPORT
*DIM,_P26_EXPORT,TABLE,505,1
VGET,_P26_EXPORT(1,0),1 
VGET,_P26_EXPORT(1,1),6 
/OUTPUT,'Load2_theta=2','csv','.'   
*VWRITE,'TIME','FY_6'   
%C, %C  
*VWRITE,_P26_EXPORT(1,0),_P26_EXPORT(1,1)   
%G, %G  
/OUTPUT,TERM
*END
/INPUT,scratch,gui  
! End of time history save  
FINISH  
/SOL
!*  
ANTYPE,0
OUTRES,ERASE
OUTRES,ALL,1
FLST,2,1,1,ORDE,1   
FITEM,2,1   
!*  
/GO 
D,P51X, ,0, , , ,UX,UY,UZ,ROTX,ROTY,
FLST,2,1,1,ORDE,1   
FITEM,2,2   
!*  
/GO 
D,P51X, ,0, , , ,UY,UZ,ROTX,ROTY, , 
FLST,2,1,1,ORDE,1   
FITEM,2,2   
!*  
/GO 
F,P51X,FX,9998476.95
FLST,2,1,1,ORDE,1   
FITEM,2,51  
!*  
/GO 
F,P51X,FY,174524.064
/STATUS,SOLU
SOLVE   
FINISH  
/POST1  
SET,LAST
PLDISP,1
FINISH  
/POST26 
FILE,'file','rst','.'   
/UI,COLL,1  
NUMVAR,200  
SOLU,191,NCMIT  
STORE,MERGE 
FILLDATA,191,,,,1,1 
REALVAR,191,191 
!*  
RFORCE,2,1,F,X, FX_2
STORE,MERGE 
!*  
RFORCE,3,1,F,Y, FY_3
STORE,MERGE 
!*  
RFORCE,4,2,F,Y, FY_4
STORE,MERGE 
!*  
NSOL,5,2,U,X, UX_5, 
STORE,MERGE 
!*  
NSOL,6,51,U,Y, UY_6,
STORE,MERGE 
! Save time history variables to file Reaction_theta=1.csv  
*CREATE,scratch,gui 
*DEL,_P26_EXPORT
*DIM,_P26_EXPORT,TABLE,505,1
VGET,_P26_EXPORT(1,0),1 
VGET,_P26_EXPORT(1,1),2 
/OUTPUT,'Reaction_theta=1','csv','.'
*VWRITE,'TIME','FX_2'   
%C, %C  
*VWRITE,_P26_EXPORT(1,0),_P26_EXPORT(1,1)   
%G, %G  
/OUTPUT,TERM
*END
/INPUT,scratch,gui  
! End of time history save  
! Save time history variables to file Load1_theta=1.csv 
*CREATE,scratch,gui 
*DEL,_P26_EXPORT
*DIM,_P26_EXPORT,TABLE,505,1
VGET,_P26_EXPORT(1,0),1 
VGET,_P26_EXPORT(1,1),3 
/OUTPUT,'Load1_theta=1','csv','.'   
*VWRITE,'TIME','FY_3'   
%C, %C  
*VWRITE,_P26_EXPORT(1,0),_P26_EXPORT(1,1)   
%G, %G  
/OUTPUT,TERM
*END
/INPUT,scratch,gui  
! End of time history save  
! Save time history variables to file Load2_theta=1.csv 
*CREATE,scratch,gui 
*DEL,_P26_EXPORT
*DIM,_P26_EXPORT,TABLE,505,1
VGET,_P26_EXPORT(1,0),1 
VGET,_P26_EXPORT(1,1),4 
/OUTPUT,'Load2_theta=1','csv','.'   
*VWRITE,'TIME','FY_4'   
%C, %C  
*VWRITE,_P26_EXPORT(1,0),_P26_EXPORT(1,1)   
%G, %G  
/OUTPUT,TERM
*END
/INPUT,scratch,gui  
! End of time history save  
! Save time history variables to file Displacement_theta=1.csv  
*CREATE,scratch,gui 
*DEL,_P26_EXPORT
*DIM,_P26_EXPORT,TABLE,505,1
VGET,_P26_EXPORT(1,0),1 
VGET,_P26_EXPORT(1,1),5 
/OUTPUT,'Displacement_theta=1','csv','.'
*VWRITE,'TIME','UX_5'   
%C, %C  
*VWRITE,_P26_EXPORT(1,0),_P26_EXPORT(1,1)   
%G, %G  
/OUTPUT,TERM
*END
/INPUT,scratch,gui  
! End of time history save  
! Save time history variables to file Deflection_theta=1.csv
*CREATE,scratch,gui 
*DEL,_P26_EXPORT
*DIM,_P26_EXPORT,TABLE,505,1
VGET,_P26_EXPORT(1,0),1 
VGET,_P26_EXPORT(1,1),6 
/OUTPUT,'Deflection_theta=1','csv','.'  
*VWRITE,'TIME','UY_6'   
%C, %C  
*VWRITE,_P26_EXPORT(1,0),_P26_EXPORT(1,1)   
%G, %G  
/OUTPUT,TERM
*END
/INPUT,scratch,gui  
! End of time history save  
FINISH  
/PREP7  
FINISH  
/SOL
!*  
ANTYPE,0
NSUBST,50000,50000,5000 
OUTRES,ERASE
OUTRES,ALL,1
FLST,2,1,1,ORDE,1   
FITEM,2,1   
!*  
/GO 
D,P51X, ,0, , , ,UX,UY,UZ,ROTX,ROTY,
FLST,2,1,1,ORDE,1   
FITEM,2,2   
!*  
/GO 
D,P51X, ,0, , , ,UY,UZ,ROTX,ROTY, , 
FLST,2,1,1,ORDE,1   
FITEM,2,2   
!*  
/GO 
F,P51X,FX,499923.848
FLST,2,1,1,ORDE,1   
FITEM,2,51  
!*  
/GO 
F,P51X,FY,8726.20322
/STATUS,SOLU
SOLVE   
FINISH  
/POST1  
SET,LAST
PLDISP,1
FINISH  
/POST26 
FILE,'file','rst','.'   
/UI,COLL,1  
NUMVAR,200  
SOLU,191,NCMIT  
STORE,MERGE 
FILLDATA,191,,,,1,1 
REALVAR,191,191 
!*  
NSOL,2,2,U,X, UX_2, 
STORE,MERGE 
!*  
RFORCE,3,1,F,X, FX_3
STORE,MERGE 
!*  
RFORCE,4,1,F,Y, FY_4
STORE,MERGE 
!*  
RFORCE,5,2,F,Y, FY_5
STORE,MERGE 
! Save time history variables to file Displacement_theta=1.csv  
*CREATE,scratch,gui 
*DEL,_P26_EXPORT
*DIM,_P26_EXPORT,TABLE,5005,1   
VGET,_P26_EXPORT(1,0),1 
VGET,_P26_EXPORT(1,1),2 
/OUTPUT,'Displacement_theta=1','csv','.'
*VWRITE,'TIME','UX_2'   
%C, %C  
*VWRITE,_P26_EXPORT(1,0),_P26_EXPORT(1,1)   
%G, %G  
/OUTPUT,TERM
*END
/INPUT,scratch,gui  
! End of time history save  
! Save time history variables to file Reaction_theta=1.csv  
*CREATE,scratch,gui 
*DEL,_P26_EXPORT
*DIM,_P26_EXPORT,TABLE,5005,1   
VGET,_P26_EXPORT(1,0),1 
VGET,_P26_EXPORT(1,1),3 
/OUTPUT,'Reaction_theta=1','csv','.'
*VWRITE,'TIME','FX_3'   
%C, %C  
*VWRITE,_P26_EXPORT(1,0),_P26_EXPORT(1,1)   
%G, %G  
/OUTPUT,TERM
*END
/INPUT,scratch,gui  
! End of time history save  
! Save time history variables to file Load1_theta=1.csv 
*CREATE,scratch,gui 
*DEL,_P26_EXPORT
*DIM,_P26_EXPORT,TABLE,5005,1   
VGET,_P26_EXPORT(1,0),1 
VGET,_P26_EXPORT(1,1),4 
/OUTPUT,'Load1_theta=1','csv','.'   
*VWRITE,'TIME','FY_4'   
%C, %C  
*VWRITE,_P26_EXPORT(1,0),_P26_EXPORT(1,1)   
%G, %G  
/OUTPUT,TERM
*END
/INPUT,scratch,gui  
! End of time history save  
! Save time history variables to file Load2_theta=1.csv 
*CREATE,scratch,gui 
*DEL,_P26_EXPORT
*DIM,_P26_EXPORT,TABLE,5005,1   
VGET,_P26_EXPORT(1,0),1 
VGET,_P26_EXPORT(1,1),5 
/OUTPUT,'Load2_theta=1','csv','.'   
*VWRITE,'TIME','FY_5'   
%C, %C  
*VWRITE,_P26_EXPORT(1,0),_P26_EXPORT(1,1)   
%G, %G  
/OUTPUT,TERM
*END
/INPUT,scratch,gui  
! End of time history save  
FINISH  
! /EXIT,ALL 
/BATCH  
/COM,ANSYS RELEASE Release 18.0      BUILD 18.0      UP20161219       17:48:20
/input,menust,tmp,''
/COM,ANSYS RELEASE Release 18.0      BUILD 18.0      UP20161219       17:48:20
/GRA,POWER
/GST,ON
/PLO,INFO,3
/GRO,CURL,ON
/CPLANE,1   
/REPLOT,RESIZE  
WPSTYLE,,,,,,,,0
/SOLU   
!*  
ANTYPE,0
OUTRES,ERASE
OUTRES,ALL,1
!*  
OUTPR,ALL,1,
FLST,2,1,1,ORDE,1   
FITEM,2,1   
!*  
/GO 
D,P51X, ,0, , , ,UX,UY,UZ,ROTX,ROTY,ROTZ
FLST,2,1,1,ORDE,1   
FITEM,2,2   
!*  
/GO 
D,P51X, ,0, , , ,UY,UZ,ROTX,ROTY,ROTZ,  
FLST,2,1,1,ORDE,1   
FITEM,2,2   
!*  
/GO 
F,P51X,FX,499828.662
FLST,2,1,1,ORDE,1   
FITEM,2,51  
!*  
/GO 
F,P51X,FY,13088.4742
/STATUS,SOLU
SOLVE   
FINISH  
/POST1  
SET,LIST
SET,LAST
PLDISP,0
FINISH  
/POST26 
FILE,'file','rst','.'   
/UI,COLL,1  
NUMVAR,200  
SOLU,191,NCMIT  
STORE,MERGE 
FILLDATA,191,,,,1,1 
REALVAR,191,191 
!*  
RFORCE,2,1,F,X, FX_2
STORE,MERGE 
!*  
RFORCE,3,1,F,Y, FY_3
STORE,MERGE 
!*  
RFORCE,4,2,F,Y, FY_4
STORE,MERGE 
!*  
NSOL,5,2,U,X, UX_5, 
STORE,MERGE 
!*  
NSOL,6,52,U,Y, UY_6,
STORE,MERGE 
! Save time history variables to file Reaction_theta=1.5.csv
*CREATE,scratch,gui 
*DEL,_P26_EXPORT
*DIM,_P26_EXPORT,TABLE,5005,1   
VGET,_P26_EXPORT(1,0),1 
VGET,_P26_EXPORT(1,1),2 
/OUTPUT,'Reaction_theta=1.5','csv','.'  
*VWRITE,'TIME','FX_2'   
%C, %C  
*VWRITE,_P26_EXPORT(1,0),_P26_EXPORT(1,1)   
%G, %G  
/OUTPUT,TERM
*END
/INPUT,scratch,gui  
! End of time history save  
! Save time history variables to file Load1_theta=1.5.csv   
*CREATE,scratch,gui 
*DEL,_P26_EXPORT
*DIM,_P26_EXPORT,TABLE,5005,1   
VGET,_P26_EXPORT(1,0),1 
VGET,_P26_EXPORT(1,1),3 
/OUTPUT,'Load1_theta=1.5','csv','.' 
*VWRITE,'TIME','FY_3'   
%C, %C  
*VWRITE,_P26_EXPORT(1,0),_P26_EXPORT(1,1)   
%G, %G  
/OUTPUT,TERM
*END
/INPUT,scratch,gui  
! End of time history save  
! Save time history variables to file Load2_theta=1.5.csv   
*CREATE,scratch,gui 
*DEL,_P26_EXPORT
*DIM,_P26_EXPORT,TABLE,5005,1   
VGET,_P26_EXPORT(1,0),1 
VGET,_P26_EXPORT(1,1),4 
/OUTPUT,'Load2_theta=1.5','csv','.' 
*VWRITE,'TIME','FY_4'   
%C, %C  
*VWRITE,_P26_EXPORT(1,0),_P26_EXPORT(1,1)   
%G, %G  
/OUTPUT,TERM
*END
/INPUT,scratch,gui  
! End of time history save  
! Save time history variables to file Displacement_theta=1.5.csv
*CREATE,scratch,gui 
*DEL,_P26_EXPORT
*DIM,_P26_EXPORT,TABLE,5005,1   
VGET,_P26_EXPORT(1,0),1 
VGET,_P26_EXPORT(1,1),5 
/OUTPUT,'Displacement_theta=1.5','csv','.'  
*VWRITE,'TIME','UX_5'   
%C, %C  
*VWRITE,_P26_EXPORT(1,0),_P26_EXPORT(1,1)   
%G, %G  
/OUTPUT,TERM
*END
/INPUT,scratch,gui  
! End of time history save  
FILLDATA,192,,,,0,0 
FILLDATA,193,,,,1,0 
FILLDATA,194,,,,-1,0
FILLDATA,195,,,,1,1 
VARNAME,195,NSET
!   
! Name: UY_6
! ID:  6
! Function: nsol(51 ,U,Y)   
NSOL,6,51,U,Y,UY_6  
!   
STORE,MERGE 
! Save time history variables to file Deflection_theta=1.5.csv  
*CREATE,scratch,gui 
*DEL,_P26_EXPORT
*DIM,_P26_EXPORT,TABLE,5005,1   
VGET,_P26_EXPORT(1,0),1 
VGET,_P26_EXPORT(1,1),6 
/OUTPUT,'Deflection_theta=1.5','csv','.'
*VWRITE,'TIME','UY_6'   
%C, %C  
*VWRITE,_P26_EXPORT(1,0),_P26_EXPORT(1,1)   
%G, %G  
/OUTPUT,TERM
*END
/INPUT,scratch,gui  
! End of time history save  
FINISH  
/SOL
!*  
ANTYPE,0
NSUBST,5000,5000,1000   
OUTRES,ERASE
OUTRES,ALL,1
FLST,2,1,1,ORDE,1   
FITEM,2,1   
!*  
/GO 
D,P51X, ,0, , , ,UX,UY,UZ,ROTX,ROTY,ROTZ
FLST,2,1,1,ORDE,1   
FITEM,2,2   
!*  
/GO 
D,P51X, ,0, , , ,UY,UZ,ROTX,ROTY,ROTZ,  
FLST,2,1,1,ORDE,1   
FITEM,2,2   
!*  
/GO 
F,P51X,FX,499725.108
FLST,2,1,1,ORDE,1   
FITEM,2,51  
!*  
/GO 
F,P51X,FY,16577.5892
/STATUS,SOLU
SOLVE   
/REPLOT,RESIZE  
FINISH  
/POST1  
SET,LAST
PLDISP,1
FINISH  
/POST26 
FILE,'file','rst','.'   
/UI,COLL,1  
NUMVAR,200  
SOLU,191,NCMIT  
STORE,MERGE 
FILLDATA,191,,,,1,1 
REALVAR,191,191 
!*  
NSOL,2,2,U,X, UX_2, 
STORE,MERGE 
!*  
NSOL,3,54,U,Y, UY_3,
STORE,MERGE 
FILLDATA,192,,,,0,0 
FILLDATA,193,,,,1,0 
FILLDATA,194,,,,-1,0
FILLDATA,195,,,,1,1 
VARNAME,195,NSET
!   
! Name: UY_3
! ID:  3
! Function: nsol(51 ,U,Y)   
NSOL,3,51,U,Y,UY_3  
!   
STORE,MERGE 
!*  
RFORCE,4,1,F,X, FX_4
STORE,MERGE 
!*  
RFORCE,5,1,F,Y, FY_5
STORE,MERGE 
!*  
RFORCE,6,2,F,Y, FY_6
STORE,MERGE 
! Save time history variables to file Displacement_theta=1.9.csv
*CREATE,scratch,gui 
*DEL,_P26_EXPORT
*DIM,_P26_EXPORT,TABLE,1004,1   
VGET,_P26_EXPORT(1,0),1 
VGET,_P26_EXPORT(1,1),2 
/OUTPUT,'Displacement_theta=1.9','csv','.'  
*VWRITE,'TIME','UX_2'   
%C, %C  
*VWRITE,_P26_EXPORT(1,0),_P26_EXPORT(1,1)   
%G, %G  
/OUTPUT,TERM
*END
/INPUT,scratch,gui  
! End of time history save  
! Save time history variables to file Deflection_theta=1.9.csv  
*CREATE,scratch,gui 
*DEL,_P26_EXPORT
*DIM,_P26_EXPORT,TABLE,1004,1   
VGET,_P26_EXPORT(1,0),1 
VGET,_P26_EXPORT(1,1),3 
/OUTPUT,'Deflection_theta=1.9','csv','.'
*VWRITE,'TIME','UY_3'   
%C, %C  
*VWRITE,_P26_EXPORT(1,0),_P26_EXPORT(1,1)   
%G, %G  
/OUTPUT,TERM
*END
/INPUT,scratch,gui  
! End of time history save  
! Save time history variables to file Reaction_theta=1.9.csv
*CREATE,scratch,gui 
*DEL,_P26_EXPORT
*DIM,_P26_EXPORT,TABLE,1004,1   
VGET,_P26_EXPORT(1,0),1 
VGET,_P26_EXPORT(1,1),4 
/OUTPUT,'Reaction_theta=1.9','csv','.'  
*VWRITE,'TIME','FX_4'   
%C, %C  
*VWRITE,_P26_EXPORT(1,0),_P26_EXPORT(1,1)   
%G, %G  
/OUTPUT,TERM
*END
/INPUT,scratch,gui  
! End of time history save  
! Save time history variables to file Load1_theta=1.9.csv   
*CREATE,scratch,gui 
*DEL,_P26_EXPORT
*DIM,_P26_EXPORT,TABLE,1004,1   
VGET,_P26_EXPORT(1,0),1 
VGET,_P26_EXPORT(1,1),5 
/OUTPUT,'Load1_theta=1.9','csv','.' 
*VWRITE,'TIME','FY_5'   
%C, %C  
*VWRITE,_P26_EXPORT(1,0),_P26_EXPORT(1,1)   
%G, %G  
/OUTPUT,TERM
*END
/INPUT,scratch,gui  
! End of time history save  
! Save time history variables to file Load2_theta=1.9.csv   
*CREATE,scratch,gui 
*DEL,_P26_EXPORT
*DIM,_P26_EXPORT,TABLE,1004,1   
VGET,_P26_EXPORT(1,0),1 
VGET,_P26_EXPORT(1,1),6 
/OUTPUT,'Load2_theta=1.9','csv','.' 
*VWRITE,'TIME','FY_6'   
%C, %C  
*VWRITE,_P26_EXPORT(1,0),_P26_EXPORT(1,1)   
%G, %G  
/OUTPUT,TERM
*END
/INPUT,scratch,gui  
! End of time history save  
FINISH  
/SOL
!*  
ANTYPE,0
OUTRES,ERASE
OUTRES,ALL,1
FLST,2,1,1,ORDE,1   
FITEM,2,1   
!*  
/GO 
D,P51X, ,0, , , ,UX,UY,UZ,ROTX,ROTY,ROTZ
FLST,2,1,1,ORDE,1   
FITEM,2,2   
!*  
/GO 
D,P51X, ,0, , , ,UY,UZ,ROTX,ROTY,ROTZ,  
FLST,2,1,1,ORDE,1   
FITEM,2,2   
!*  
/GO 
F,P51X,FX,499710.451
FLST,2,1,1,ORDE,1   
FITEM,2,51  
!*  
/GO 
F,P51X,FY,17013.6753
/STATUS,SOLU
SOLVE   
FINISH  
/POST1  
SET,LIST
SET,LAST
PLDISP,1
FINISH  
/POST26 
FILE,'file','rst','.'   
/UI,COLL,1  
NUMVAR,200  
SOLU,191,NCMIT  
STORE,MERGE 
FILLDATA,191,,,,1,1 
REALVAR,191,191 
!*  
RFORCE,2,1,F,X, FX_2
STORE,MERGE 
!*  
RFORCE,3,1,F,Y, FY_3
STORE,MERGE 
!*  
RFORCE,4,2,F,Y, FY_4
STORE,MERGE 
!*  
NSOL,5,2,U,X, UX_5, 
STORE,MERGE 
!*  
NSOL,6,55,U,Y, UY_6,
STORE,MERGE 
FILLDATA,192,,,,0,0 
FILLDATA,193,,,,1,0 
FILLDATA,194,,,,-1,0
FILLDATA,195,,,,1,1 
VARNAME,195,NSET
!   
! Name: UY_6
! ID:  6
! Function: nsol(51 ,U,Y)   
NSOL,6,51,U,Y,UY_6  
!   
STORE,MERGE 
! Save time history variables to file Reaction_theta=1.95.csv   
*CREATE,scratch,gui 
*DEL,_P26_EXPORT
*DIM,_P26_EXPORT,TABLE,1004,1   
VGET,_P26_EXPORT(1,0),1 
VGET,_P26_EXPORT(1,1),2 
/OUTPUT,'Reaction_theta=1.95','csv','.' 
*VWRITE,'TIME','FX_2'   
%C, %C  
*VWRITE,_P26_EXPORT(1,0),_P26_EXPORT(1,1)   
%G, %G  
/OUTPUT,TERM
*END
/INPUT,scratch,gui  
! End of time history save  
! Save time history variables to file Load1_theta=1.95.csv  
*CREATE,scratch,gui 
*DEL,_P26_EXPORT
*DIM,_P26_EXPORT,TABLE,1004,1   
VGET,_P26_EXPORT(1,0),1 
VGET,_P26_EXPORT(1,1),3 
/OUTPUT,'Load1_theta=1.95','csv','.'
*VWRITE,'TIME','FY_3'   
%C, %C  
*VWRITE,_P26_EXPORT(1,0),_P26_EXPORT(1,1)   
%G, %G  
/OUTPUT,TERM
*END
/INPUT,scratch,gui  
! End of time history save  
! Save time history variables to file Load2_theta=1.95.csv  
*CREATE,scratch,gui 
*DEL,_P26_EXPORT
*DIM,_P26_EXPORT,TABLE,1004,1   
VGET,_P26_EXPORT(1,0),1 
VGET,_P26_EXPORT(1,1),4 
/OUTPUT,'Load2_theta=1.95','csv','.'
*VWRITE,'TIME','FY_4'   
%C, %C  
*VWRITE,_P26_EXPORT(1,0),_P26_EXPORT(1,1)   
%G, %G  
/OUTPUT,TERM
*END
/INPUT,scratch,gui  
! End of time history save  
! Save time history variables to file Displacement_theta=1.95.csv   
*CREATE,scratch,gui 
*DEL,_P26_EXPORT
*DIM,_P26_EXPORT,TABLE,1004,1   
VGET,_P26_EXPORT(1,0),1 
VGET,_P26_EXPORT(1,1),5 
/OUTPUT,'Displacement_theta=1.95','csv','.' 
*VWRITE,'TIME','UX_5'   
%C, %C  
*VWRITE,_P26_EXPORT(1,0),_P26_EXPORT(1,1)   
%G, %G  
/OUTPUT,TERM
*END
/INPUT,scratch,gui  
! End of time history save  
FINISH  
/SOL
!*  
ANTYPE,0
NSUBST,5000,5000,2500   
OUTRES,ERASE
OUTRES,ALL,1
FLST,2,1,1,ORDE,1   
FITEM,2,1   
!*  
/GO 
D,P51X, ,0, , , ,UX,UY,UZ,ROTX,ROTY,ROTZ
FLST,2,1,1,ORDE,1   
FITEM,2,2   
/DIST, 1 ,0.924021,1
/REP,FAST   
/DIST, 1 ,0.924021,1
/REP,FAST   
/DIST, 1 ,0.924021,1
/REP,FAST   
/DIST, 1 ,1.082226,1
/REP,FAST   
/DIST, 1 ,1.082226,1
/REP,FAST   
/DIST, 1 ,1.082226,1
/REP,FAST   
/DIST, 1 ,1.082226,1
/REP,FAST   
/DIST, 1 ,1.082226,1
/REP,FAST   
/DIST, 1 ,0.924021,1
/REP,FAST   
!*  
ANTYPE,0
OUTRES,ERASE
OUTRES,ALL,1
FLST,2,1,1,ORDE,1   
FITEM,2,1   
!*  
/GO 
D,P51X, ,0, , , ,UX,UY,UZ,ROTX,ROTY,ROTZ
FLST,2,1,1,ORDE,1   
FITEM,2,2   
!*  
/GO 
D,P51X, ,0, , , ,UY,UZ,ROTX,ROTY,ROTZ,  
FLST,2,1,1,ORDE,1   
FITEM,2,2   
!*  
/GO 
F,P51X,FX,499980.962
FLST,2,1,1,ORDE,1   
FITEM,2,51  
!*  
/GO 
F,P51X,FY,4363.26775
/STATUS,SOLU
SOLVE   
FINISH  
/POST1  
SET,LAST
PLDISP,1
FINISH  
/POST26 
FILE,'file','rst','.'   
/UI,COLL,1  
NUMVAR,200  
SOLU,191,NCMIT  
STORE,MERGE 
FILLDATA,191,,,,1,1 
REALVAR,191,191 
!*  
NSOL,2,2,U,X, UX_2, 
STORE,MERGE 
!*  
RFORCE,3,1,F,X, FX_3
STORE,MERGE 
!*  
RFORCE,4,1,F,Y, FY_4
STORE,MERGE 
!*  
RFORCE,5,2,F,Y, FY_5
STORE,MERGE 
! Save time history variables to file Displacement_theta=0.5.csv
*CREATE,scratch,gui 
*DEL,_P26_EXPORT
*DIM,_P26_EXPORT,TABLE,2502,1   
VGET,_P26_EXPORT(1,0),1 
VGET,_P26_EXPORT(1,1),2 
/OUTPUT,'Displacement_theta=0.5','csv','.'  
*VWRITE,'TIME','UX_2'   
%C, %C  
*VWRITE,_P26_EXPORT(1,0),_P26_EXPORT(1,1)   
%G, %G  
/OUTPUT,TERM
*END
/INPUT,scratch,gui  
! End of time history save  
! Save time history variables to file Reaction_theta=0.5.csv
*CREATE,scratch,gui 
*DEL,_P26_EXPORT
*DIM,_P26_EXPORT,TABLE,2502,1   
VGET,_P26_EXPORT(1,0),1 
VGET,_P26_EXPORT(1,1),3 
/OUTPUT,'Reaction_theta=0.5','csv','.'  
*VWRITE,'TIME','FX_3'   
%C, %C  
*VWRITE,_P26_EXPORT(1,0),_P26_EXPORT(1,1)   
%G, %G  
/OUTPUT,TERM
*END
/INPUT,scratch,gui  
! End of time history save  
! Save time history variables to file Load1_theta=0.5.csv   
*CREATE,scratch,gui 
*DEL,_P26_EXPORT
*DIM,_P26_EXPORT,TABLE,2502,1   
VGET,_P26_EXPORT(1,0),1 
VGET,_P26_EXPORT(1,1),4 
/OUTPUT,'Load1_theta=0.5','csv','.' 
*VWRITE,'TIME','FY_4'   
%C, %C  
*VWRITE,_P26_EXPORT(1,0),_P26_EXPORT(1,1)   
%G, %G  
/OUTPUT,TERM
*END
/INPUT,scratch,gui  
! End of time history save  
! Save time history variables to file Load2_theta=0.5.csv   
*CREATE,scratch,gui 
*DEL,_P26_EXPORT
*DIM,_P26_EXPORT,TABLE,2502,1   
VGET,_P26_EXPORT(1,0),1 
VGET,_P26_EXPORT(1,1),5 
/OUTPUT,'Load2_theta=0.5','csv','.' 
*VWRITE,'TIME','FY_5'   
%C, %C  
*VWRITE,_P26_EXPORT(1,0),_P26_EXPORT(1,1)   
%G, %G  
/OUTPUT,TERM
*END
/INPUT,scratch,gui  
! End of time history save  
FINISH  
! /EXIT,ALL 
