/BATCH  
/COM,ANSYS RELEASE Release 18.0      BUILD 18.0      UP20161219       21:20:37
/input,menust,tmp,''
/COM,ANSYS RELEASE Release 18.0      BUILD 18.0      UP20161219       21:20:37
/GRA,POWER
/GST,ON
/PLO,INFO,3
/GRO,CURL,ON
/CPLANE,1   
/REPLOT,RESIZE  
WPSTYLE,,,,,,,,0
/REPLOT,RESIZE  
/SOLU   
!*  
ANTYPE,0
NSUBST,5000,5000,1000   
OUTRES,ERASE
OUTRES,ALL,1
!*  
OUTPR,ALL,1,
FLST,2,1,1,ORDE,1   
FITEM,2,1   
!*  
/GO 
D,P51X, ,0, , , ,UX,UY,UZ,ROTX,ROTY,
FLST,2,1,1,ORDE,1   
FITEM,2,2   
!*  
/GO 
D,P51X, ,0, , , ,UY,UZ,ROTX,ROTY, , 
FLST,2,1,1,ORDE,1   
FITEM,2,2   
!*  
/GO 
F,P51X,FX,3782074.3 
FLST,2,1,1,ORDE,1   
FITEM,2,51  
!*  
/GO 
F,P51X,FY,1302272.62
/STATUS,SOLU
SOLVE   
FINISH  
/POST1  
SET,LAST
PLDISP,1
FINISH  
/POST26 
FILE,'file','rst','.'   
/UI,COLL,1  
NUMVAR,200  
SOLU,191,NCMIT  
STORE,MERGE 
FILLDATA,191,,,,1,1 
REALVAR,191,191 
!*  
NSOL,2,2,U,X, UX_2, 
STORE,MERGE 
!*  
NSOL,3,49,U,Y, UY_3,
STORE,MERGE 
FILLDATA,192,,,,0,0 
FILLDATA,193,,,,1,0 
FILLDATA,194,,,,-1,0
FILLDATA,195,,,,1,1 
VARNAME,195,NSET
!   
! Name: UY_3
! ID:  3
! Function: nsol(51 ,U,Y)   
NSOL,3,51,U,Y,UY_3  
!   
STORE,MERGE 
!*  
RFORCE,4,1,F,X, FX_4
STORE,MERGE 
!*  
RFORCE,5,1,F,Y, FY_5
STORE,MERGE 
!*  
RFORCE,6,2,F,Y, FY_6
STORE,MERGE 
! Save time history variables to file Displacement_theta=19.csv 
*CREATE,scratch,gui 
*DEL,_P26_EXPORT
*DIM,_P26_EXPORT,TABLE,1004,1   
VGET,_P26_EXPORT(1,0),1 
VGET,_P26_EXPORT(1,1),2 
/OUTPUT,'Displacement_theta=19','csv','.'   
*VWRITE,'TIME','UX_2'   
%C, %C  
*VWRITE,_P26_EXPORT(1,0),_P26_EXPORT(1,1)   
%G, %G  
/OUTPUT,TERM
*END
/INPUT,scratch,gui  
! End of time history save  
! Save time history variables to file Deflection_theta=19.csv   
*CREATE,scratch,gui 
*DEL,_P26_EXPORT
*DIM,_P26_EXPORT,TABLE,1004,1   
VGET,_P26_EXPORT(1,0),1 
VGET,_P26_EXPORT(1,1),3 
/OUTPUT,'Deflection_theta=19','csv','.' 
*VWRITE,'TIME','UY_3'   
%C, %C  
*VWRITE,_P26_EXPORT(1,0),_P26_EXPORT(1,1)   
%G, %G  
/OUTPUT,TERM
*END
/INPUT,scratch,gui  
! End of time history save  
! Save time history variables to file Reaction_theta=19.csv 
*CREATE,scratch,gui 
*DEL,_P26_EXPORT
*DIM,_P26_EXPORT,TABLE,1004,1   
VGET,_P26_EXPORT(1,0),1 
VGET,_P26_EXPORT(1,1),4 
/OUTPUT,'Reaction_theta=19','csv','.'   
*VWRITE,'TIME','FX_4'   
%C, %C  
*VWRITE,_P26_EXPORT(1,0),_P26_EXPORT(1,1)   
%G, %G  
/OUTPUT,TERM
*END
/INPUT,scratch,gui  
! End of time history save  
! Save time history variables to file Load1_theta=19.csv
*CREATE,scratch,gui 
*DEL,_P26_EXPORT
*DIM,_P26_EXPORT,TABLE,1004,1   
VGET,_P26_EXPORT(1,0),1 
VGET,_P26_EXPORT(1,1),5 
/OUTPUT,'Load1_theta=19','csv','.'  
*VWRITE,'TIME','FY_5'   
%C, %C  
*VWRITE,_P26_EXPORT(1,0),_P26_EXPORT(1,1)   
%G, %G  
/OUTPUT,TERM
*END
/INPUT,scratch,gui  
! End of time history save  
! Save time history variables to file Load2_theta=19.csv
*CREATE,scratch,gui 
*DEL,_P26_EXPORT
*DIM,_P26_EXPORT,TABLE,1004,1   
VGET,_P26_EXPORT(1,0),1 
VGET,_P26_EXPORT(1,1),6 
/OUTPUT,'Load2_theta=19','csv','.'  
*VWRITE,'TIME','FY_6'   
%C, %C  
*VWRITE,_P26_EXPORT(1,0),_P26_EXPORT(1,1)   
%G, %G  
/OUTPUT,TERM
*END
/INPUT,scratch,gui  
! End of time history save  
